The system is: Linux - 3.10.0-1127.13.1.el7.x86_64 - x86_64
Compiling the C compiler identification source file "CMakeCCompilerId.c" succeeded.
Compiler: /bin/cc 
Build flags: 
Id flags: 

The output was:
0


Compilation of the C compiler identification source "CMakeCCompilerId.c" produced "a.out"

The C compiler identification is GNU, found in "/home/jadyan/code/book/cmake_cook_book/2_1_check_OS/c-example/bld/CMakeFiles/3.4.1/CompilerIdC/a.out"

Determining if the C compiler works passed with the following output:
Change Dir: /home/jadyan/code/book/cmake_cook_book/2_1_check_OS/c-example/bld/CMakeFiles/CMakeTmp

Run Build Command:"/bin/gmake" "cmTC_3a49c/fast"
/bin/gmake -f CMakeFiles/cmTC_3a49c.dir/build.make CMakeFiles/cmTC_3a49c.dir/build
gmake[1]: 进入目录“/home/jadyan/code/book/cmake_cook_book/2_1_check_OS/c-example/bld/CMakeFiles/CMakeTmp”
Building C object CMakeFiles/cmTC_3a49c.dir/testCCompiler.c.o
/bin/cc     -o CMakeFiles/cmTC_3a49c.dir/testCCompiler.c.o   -c /home/jadyan/code/book/cmake_cook_book/2_1_check_OS/c-example/bld/CMakeFiles/CMakeTmp/testCCompiler.c
Linking C executable cmTC_3a49c
/usr/local/bin/cmake -E cmake_link_script CMakeFiles/cmTC_3a49c.dir/link.txt --verbose=1
/bin/cc       CMakeFiles/cmTC_3a49c.dir/testCCompiler.c.o  -o cmTC_3a49c -rdynamic 
gmake[1]: 离开目录“/home/jadyan/code/book/cmake_cook_book/2_1_check_OS/c-example/bld/CMakeFiles/CMakeTmp”


Detecting C compiler ABI info compiled with the following output:
Change Dir: /home/jadyan/code/book/cmake_cook_book/2_1_check_OS/c-example/bld/CMakeFiles/CMakeTmp

Run Build Command:"/bin/gmake" "cmTC_5da27/fast"
/bin/gmake -f CMakeFiles/cmTC_5da27.dir/build.make CMakeFiles/cmTC_5da27.dir/build
gmake[1]: 进入目录“/home/jadyan/code/book/cmake_cook_book/2_1_check_OS/c-example/bld/CMakeFiles/CMakeTmp”
Building C object CMakeFiles/cmTC_5da27.dir/CMakeCCompilerABI.c.o
/bin/cc     -o CMakeFiles/cmTC_5da27.dir/CMakeCCompilerABI.c.o   -c /usr/local/share/cmake-3.4/Modules/CMakeCCompilerABI.c
Linking C executable cmTC_5da27
/usr/local/bin/cmake -E cmake_link_script CMakeFiles/cmTC_5da27.dir/link.txt --verbose=1
/bin/cc      -v CMakeFiles/cmTC_5da27.dir/CMakeCCompilerABI.c.o  -o cmTC_5da27 -rdynamic  
使用内建 specs。
COLLECT_GCC=/bin/cc
COLLECT_LTO_WRAPPER=/usr/libexec/gcc/x86_64-redhat-linux/4.8.5/lto-wrapper
目标：x86_64-redhat-linux
配置为：../configure --prefix=/usr --mandir=/usr/share/man --infodir=/usr/share/info --with-bugurl=http://bugzilla.redhat.com/bugzilla --enable-bootstrap --enable-shared --enable-threads=posix --enable-checking=release --with-system-zlib --enable-__cxa_atexit --disable-libunwind-exceptions --enable-gnu-unique-object --enable-linker-build-id --with-linker-hash-style=gnu --enable-languages=c,c++,objc,obj-c++,java,fortran,ada,go,lto --enable-plugin --enable-initfini-array --disable-libgcj --with-isl=/builddir/build/BUILD/gcc-4.8.5-20150702/obj-x86_64-redhat-linux/isl-install --with-cloog=/builddir/build/BUILD/gcc-4.8.5-20150702/obj-x86_64-redhat-linux/cloog-install --enable-gnu-indirect-function --with-tune=generic --with-arch_32=x86-64 --build=x86_64-redhat-linux
线程模型：posix
gcc 版本 4.8.5 20150623 (Red Hat 4.8.5-39) (GCC) 
COMPILER_PATH=/usr/libexec/gcc/x86_64-redhat-linux/4.8.5/:/usr/libexec/gcc/x86_64-redhat-linux/4.8.5/:/usr/libexec/gcc/x86_64-redhat-linux/:/usr/lib/gcc/x86_64-redhat-linux/4.8.5/:/usr/lib/gcc/x86_64-redhat-linux/
LIBRARY_PATH=/usr/lib/gcc/x86_64-redhat-linux/4.8.5/:/usr/lib/gcc/x86_64-redhat-linux/4.8.5/../../../../lib64/:/lib/../lib64/:/usr/lib/../lib64/:/usr/local/boost/lib/:/usr/lib/gcc/x86_64-redhat-linux/4.8.5/../../../:/lib/:/usr/lib/
COLLECT_GCC_OPTIONS='-v' '-o' 'cmTC_5da27' '-rdynamic' '-mtune=generic' '-march=x86-64'
 /usr/libexec/gcc/x86_64-redhat-linux/4.8.5/collect2 --build-id --no-add-needed --eh-frame-hdr --hash-style=gnu -m elf_x86_64 -export-dynamic -dynamic-linker /lib64/ld-linux-x86-64.so.2 -o cmTC_5da27 /usr/lib/gcc/x86_64-redhat-linux/4.8.5/../../../../lib64/crt1.o /usr/lib/gcc/x86_64-redhat-linux/4.8.5/../../../../lib64/crti.o /usr/lib/gcc/x86_64-redhat-linux/4.8.5/crtbegin.o -L/usr/lib/gcc/x86_64-redhat-linux/4.8.5 -L/usr/lib/gcc/x86_64-redhat-linux/4.8.5/../../../../lib64 -L/lib/../lib64 -L/usr/lib/../lib64 -L/usr/local/boost/lib -L/usr/lib/gcc/x86_64-redhat-linux/4.8.5/../../.. CMakeFiles/cmTC_5da27.dir/CMakeCCompilerABI.c.o -lgcc --as-needed -lgcc_s --no-as-needed -lc -lgcc --as-needed -lgcc_s --no-as-needed /usr/lib/gcc/x86_64-redhat-linux/4.8.5/crtend.o /usr/lib/gcc/x86_64-redhat-linux/4.8.5/../../../../lib64/crtn.o
gmake[1]: 离开目录“/home/jadyan/code/book/cmake_cook_book/2_1_check_OS/c-example/bld/CMakeFiles/CMakeTmp”


Parsed C implicit link information from above output:
  link line regex: [^( *|.*[/\])(ld|([^/\]+-)?ld|collect2)[^/\]*( |$)]
  ignore line: [Change Dir: /home/jadyan/code/book/cmake_cook_book/2_1_check_OS/c-example/bld/CMakeFiles/CMakeTmp]
  ignore line: []
  ignore line: [Run Build Command:"/bin/gmake" "cmTC_5da27/fast"]
  ignore line: [/bin/gmake -f CMakeFiles/cmTC_5da27.dir/build.make CMakeFiles/cmTC_5da27.dir/build]
  ignore line: [gmake[1]: 进入目录“/home/jadyan/code/book/cmake_cook_book/2_1_check_OS/c-example/bld/CMakeFiles/CMakeTmp”]
  ignore line: [Building C object CMakeFiles/cmTC_5da27.dir/CMakeCCompilerABI.c.o]
  ignore line: [/bin/cc     -o CMakeFiles/cmTC_5da27.dir/CMakeCCompilerABI.c.o   -c /usr/local/share/cmake-3.4/Modules/CMakeCCompilerABI.c]
  ignore line: [Linking C executable cmTC_5da27]
  ignore line: [/usr/local/bin/cmake -E cmake_link_script CMakeFiles/cmTC_5da27.dir/link.txt --verbose=1]
  ignore line: [/bin/cc      -v CMakeFiles/cmTC_5da27.dir/CMakeCCompilerABI.c.o  -o cmTC_5da27 -rdynamic  ]
  ignore line: [使用内建 specs。]
  ignore line: [COLLECT_GCC=/bin/cc]
  ignore line: [COLLECT_LTO_WRAPPER=/usr/libexec/gcc/x86_64-redhat-linux/4.8.5/lto-wrapper]
  ignore line: [目标：x86_64-redhat-linux]
  ignore line: [配置为：../configure --prefix=/usr --mandir=/usr/share/man --infodir=/usr/share/info --with-bugurl=http://bugzilla.redhat.com/bugzilla --enable-bootstrap --enable-shared --enable-threads=posix --enable-checking=release --with-system-zlib --enable-__cxa_atexit --disable-libunwind-exceptions --enable-gnu-unique-object --enable-linker-build-id --with-linker-hash-style=gnu --enable-languages=c,c++,objc,obj-c++,java,fortran,ada,go,lto --enable-plugin --enable-initfini-array --disable-libgcj --with-isl=/builddir/build/BUILD/gcc-4.8.5-20150702/obj-x86_64-redhat-linux/isl-install --with-cloog=/builddir/build/BUILD/gcc-4.8.5-20150702/obj-x86_64-redhat-linux/cloog-install --enable-gnu-indirect-function --with-tune=generic --with-arch_32=x86-64 --build=x86_64-redhat-linux]
  ignore line: [线程模型：posix]
  ignore line: [gcc 版本 4.8.5 20150623 (Red Hat 4.8.5-39) (GCC) ]
  ignore line: [COMPILER_PATH=/usr/libexec/gcc/x86_64-redhat-linux/4.8.5/:/usr/libexec/gcc/x86_64-redhat-linux/4.8.5/:/usr/libexec/gcc/x86_64-redhat-linux/:/usr/lib/gcc/x86_64-redhat-linux/4.8.5/:/usr/lib/gcc/x86_64-redhat-linux/]
  ignore line: [LIBRARY_PATH=/usr/lib/gcc/x86_64-redhat-linux/4.8.5/:/usr/lib/gcc/x86_64-redhat-linux/4.8.5/../../../../lib64/:/lib/../lib64/:/usr/lib/../lib64/:/usr/local/boost/lib/:/usr/lib/gcc/x86_64-redhat-linux/4.8.5/../../../:/lib/:/usr/lib/]
  ignore line: [COLLECT_GCC_OPTIONS='-v' '-o' 'cmTC_5da27' '-rdynamic' '-mtune=generic' '-march=x86-64']
  link line: [ /usr/libexec/gcc/x86_64-redhat-linux/4.8.5/collect2 --build-id --no-add-needed --eh-frame-hdr --hash-style=gnu -m elf_x86_64 -export-dynamic -dynamic-linker /lib64/ld-linux-x86-64.so.2 -o cmTC_5da27 /usr/lib/gcc/x86_64-redhat-linux/4.8.5/../../../../lib64/crt1.o /usr/lib/gcc/x86_64-redhat-linux/4.8.5/../../../../lib64/crti.o /usr/lib/gcc/x86_64-redhat-linux/4.8.5/crtbegin.o -L/usr/lib/gcc/x86_64-redhat-linux/4.8.5 -L/usr/lib/gcc/x86_64-redhat-linux/4.8.5/../../../../lib64 -L/lib/../lib64 -L/usr/lib/../lib64 -L/usr/local/boost/lib -L/usr/lib/gcc/x86_64-redhat-linux/4.8.5/../../.. CMakeFiles/cmTC_5da27.dir/CMakeCCompilerABI.c.o -lgcc --as-needed -lgcc_s --no-as-needed -lc -lgcc --as-needed -lgcc_s --no-as-needed /usr/lib/gcc/x86_64-redhat-linux/4.8.5/crtend.o /usr/lib/gcc/x86_64-redhat-linux/4.8.5/../../../../lib64/crtn.o]
    arg [/usr/libexec/gcc/x86_64-redhat-linux/4.8.5/collect2] ==> ignore
    arg [--build-id] ==> ignore
    arg [--no-add-needed] ==> ignore
    arg [--eh-frame-hdr] ==> ignore
    arg [--hash-style=gnu] ==> ignore
    arg [-m] ==> ignore
    arg [elf_x86_64] ==> ignore
    arg [-export-dynamic] ==> ignore
    arg [-dynamic-linker] ==> ignore
    arg [/lib64/ld-linux-x86-64.so.2] ==> ignore
    arg [-o] ==> ignore
    arg [cmTC_5da27] ==> ignore
    arg [/usr/lib/gcc/x86_64-redhat-linux/4.8.5/../../../../lib64/crt1.o] ==> ignore
    arg [/usr/lib/gcc/x86_64-redhat-linux/4.8.5/../../../../lib64/crti.o] ==> ignore
    arg [/usr/lib/gcc/x86_64-redhat-linux/4.8.5/crtbegin.o] ==> ignore
    arg [-L/usr/lib/gcc/x86_64-redhat-linux/4.8.5] ==> dir [/usr/lib/gcc/x86_64-redhat-linux/4.8.5]
    arg [-L/usr/lib/gcc/x86_64-redhat-linux/4.8.5/../../../../lib64] ==> dir [/usr/lib/gcc/x86_64-redhat-linux/4.8.5/../../../../lib64]
    arg [-L/lib/../lib64] ==> dir [/lib/../lib64]
    arg [-L/usr/lib/../lib64] ==> dir [/usr/lib/../lib64]
    arg [-L/usr/local/boost/lib] ==> dir [/usr/local/boost/lib]
    arg [-L/usr/lib/gcc/x86_64-redhat-linux/4.8.5/../../..] ==> dir [/usr/lib/gcc/x86_64-redhat-linux/4.8.5/../../..]
    arg [CMakeFiles/cmTC_5da27.dir/CMakeCCompilerABI.c.o] ==> ignore
    arg [-lgcc] ==> lib [gcc]
    arg [--as-needed] ==> ignore
    arg [-lgcc_s] ==> lib [gcc_s]
    arg [--no-as-needed] ==> ignore
    arg [-lc] ==> lib [c]
    arg [-lgcc] ==> lib [gcc]
    arg [--as-needed] ==> ignore
    arg [-lgcc_s] ==> lib [gcc_s]
    arg [--no-as-needed] ==> ignore
    arg [/usr/lib/gcc/x86_64-redhat-linux/4.8.5/crtend.o] ==> ignore
    arg [/usr/lib/gcc/x86_64-redhat-linux/4.8.5/../../../../lib64/crtn.o] ==> ignore
  remove lib [gcc]
  remove lib [gcc_s]
  remove lib [gcc]
  remove lib [gcc_s]
  collapse library dir [/usr/lib/gcc/x86_64-redhat-linux/4.8.5] ==> [/usr/lib/gcc/x86_64-redhat-linux/4.8.5]
  collapse library dir [/usr/lib/gcc/x86_64-redhat-linux/4.8.5/../../../../lib64] ==> [/usr/lib64]
  collapse library dir [/lib/../lib64] ==> [/lib64]
  collapse library dir [/usr/lib/../lib64] ==> [/usr/lib64]
  collapse library dir [/usr/local/boost/lib] ==> [/usr/local/boost/lib]
  collapse library dir [/usr/lib/gcc/x86_64-redhat-linux/4.8.5/../../..] ==> [/usr/lib]
  implicit libs: [c]
  implicit dirs: [/usr/lib/gcc/x86_64-redhat-linux/4.8.5;/usr/lib64;/lib64;/usr/local/boost/lib;/usr/lib]
  implicit fwks: []




Detecting C [-std=c11] compiler features compiled with the following output:
Change Dir: /home/jadyan/code/book/cmake_cook_book/2_1_check_OS/c-example/bld/CMakeFiles/CMakeTmp

Run Build Command:"/bin/gmake" "cmTC_1c31f/fast"
/bin/gmake -f CMakeFiles/cmTC_1c31f.dir/build.make CMakeFiles/cmTC_1c31f.dir/build
gmake[1]: 进入目录“/home/jadyan/code/book/cmake_cook_book/2_1_check_OS/c-example/bld/CMakeFiles/CMakeTmp”
Building C object CMakeFiles/cmTC_1c31f.dir/feature_tests.c.o
/bin/cc    -std=c11 -o CMakeFiles/cmTC_1c31f.dir/feature_tests.c.o   -c /home/jadyan/code/book/cmake_cook_book/2_1_check_OS/c-example/bld/CMakeFiles/feature_tests.c
Linking C executable cmTC_1c31f
/usr/local/bin/cmake -E cmake_link_script CMakeFiles/cmTC_1c31f.dir/link.txt --verbose=1
/bin/cc       CMakeFiles/cmTC_1c31f.dir/feature_tests.c.o  -o cmTC_1c31f -rdynamic 
gmake[1]: 离开目录“/home/jadyan/code/book/cmake_cook_book/2_1_check_OS/c-example/bld/CMakeFiles/CMakeTmp”


    Feature record: C_FEATURE:1c_function_prototypes
    Feature record: C_FEATURE:1c_restrict
    Feature record: C_FEATURE:1c_static_assert
    Feature record: C_FEATURE:1c_variadic_macros


Detecting C [-std=c99] compiler features compiled with the following output:
Change Dir: /home/jadyan/code/book/cmake_cook_book/2_1_check_OS/c-example/bld/CMakeFiles/CMakeTmp

Run Build Command:"/bin/gmake" "cmTC_5ad1f/fast"
/bin/gmake -f CMakeFiles/cmTC_5ad1f.dir/build.make CMakeFiles/cmTC_5ad1f.dir/build
gmake[1]: 进入目录“/home/jadyan/code/book/cmake_cook_book/2_1_check_OS/c-example/bld/CMakeFiles/CMakeTmp”
Building C object CMakeFiles/cmTC_5ad1f.dir/feature_tests.c.o
/bin/cc    -std=c99 -o CMakeFiles/cmTC_5ad1f.dir/feature_tests.c.o   -c /home/jadyan/code/book/cmake_cook_book/2_1_check_OS/c-example/bld/CMakeFiles/feature_tests.c
Linking C executable cmTC_5ad1f
/usr/local/bin/cmake -E cmake_link_script CMakeFiles/cmTC_5ad1f.dir/link.txt --verbose=1
/bin/cc       CMakeFiles/cmTC_5ad1f.dir/feature_tests.c.o  -o cmTC_5ad1f -rdynamic 
gmake[1]: 离开目录“/home/jadyan/code/book/cmake_cook_book/2_1_check_OS/c-example/bld/CMakeFiles/CMakeTmp”


    Feature record: C_FEATURE:1c_function_prototypes
    Feature record: C_FEATURE:1c_restrict
    Feature record: C_FEATURE:0c_static_assert
    Feature record: C_FEATURE:1c_variadic_macros


Detecting C [-std=c90] compiler features compiled with the following output:
Change Dir: /home/jadyan/code/book/cmake_cook_book/2_1_check_OS/c-example/bld/CMakeFiles/CMakeTmp

Run Build Command:"/bin/gmake" "cmTC_d12cb/fast"
/bin/gmake -f CMakeFiles/cmTC_d12cb.dir/build.make CMakeFiles/cmTC_d12cb.dir/build
gmake[1]: 进入目录“/home/jadyan/code/book/cmake_cook_book/2_1_check_OS/c-example/bld/CMakeFiles/CMakeTmp”
Building C object CMakeFiles/cmTC_d12cb.dir/feature_tests.c.o
/bin/cc    -std=c90 -o CMakeFiles/cmTC_d12cb.dir/feature_tests.c.o   -c /home/jadyan/code/book/cmake_cook_book/2_1_check_OS/c-example/bld/CMakeFiles/feature_tests.c
Linking C executable cmTC_d12cb
/usr/local/bin/cmake -E cmake_link_script CMakeFiles/cmTC_d12cb.dir/link.txt --verbose=1
/bin/cc       CMakeFiles/cmTC_d12cb.dir/feature_tests.c.o  -o cmTC_d12cb -rdynamic 
gmake[1]: 离开目录“/home/jadyan/code/book/cmake_cook_book/2_1_check_OS/c-example/bld/CMakeFiles/CMakeTmp”


    Feature record: C_FEATURE:1c_function_prototypes
    Feature record: C_FEATURE:0c_restrict
    Feature record: C_FEATURE:0c_static_assert
    Feature record: C_FEATURE:0c_variadic_macros
